<?xml version="1.0" encoding="UTF-8"?>
<?totaltestVersion 19.1.1.v20180612-1335_7?>
<!--Topaz for Total Test 19.1.1.v20180612-1335_7 Aug 23, 2018 3:00:59 PM-->
<testsuites>
  <testsuite errors="0" failures="0" name="P94COMM_Test_Unit_Test.P94COMM_Scenario.00001: P94COMMCase1" tests="3">
    <testcase classname="P94COMM_Test_Unit_Test.P94COMM_Scenario.00001: P94COMMCase1" name="00001: Check for PARM_LTH"/>
    <testcase classname="P94COMM_Test_Unit_Test.P94COMM_Scenario.00001: P94COMMCase1" name="00002: Check for LOOP_FILL"/>
    <testcase classname="P94COMM_Test_Unit_Test.P94COMM_Scenario.00001: P94COMMCase1" name="00003: Check for LOOP_CNT"/>
  </testsuite>
</testsuites>