<?xml version="1.0" encoding="UTF-8"?>
<?totaltestVersion 19.1.2.v20180712-0806_18?>
<!--Topaz for Total Test 19.1.2.v20180712-0806_18 Aug 10, 2018 10:53:40 AM-->
<testsuites>
  <testsuite errors="0" failures="0" name="DB2_Test_Unit_Test.WBCI1206_Scenario.00001: WBCI1206Case1" tests="3">
    <testcase classname="DB2_Test_Unit_Test.WBCI1206_Scenario.00001: WBCI1206Case1" name="00001: Check for PARM_LTH"/>
    <testcase classname="DB2_Test_Unit_Test.WBCI1206_Scenario.00001: WBCI1206Case1" name="00002: Check for LOOP_FILL"/>
    <testcase classname="DB2_Test_Unit_Test.WBCI1206_Scenario.00001: WBCI1206Case1" name="00003: Check for LOOP_CNT"/>
  </testsuite>
</testsuites>