<?xml version="1.0" encoding="UTF-8"?>
<?totaltestVersion 19.2.1.v20180806-1309_669?>
<!--Topaz for Total Test 19.2.1.v20180806-1309_669 Aug 9, 2018 1:11:11 PM-->
<testsuites>
  <testsuite errors="0" failures="0" name="DB2_Test_Unit_Test.WBCI1206_Scenario.00001: WBCI1206Case1" tests="3">
    <testcase classname="DB2_Test_Unit_Test.WBCI1206_Scenario.00001: WBCI1206Case1" name="00001: Check for PARM_LTH"/>
    <testcase classname="DB2_Test_Unit_Test.WBCI1206_Scenario.00001: WBCI1206Case1" name="00002: Check for LOOP_FILL"/>
    <testcase classname="DB2_Test_Unit_Test.WBCI1206_Scenario.00001: WBCI1206Case1" name="00003: Check for LOOP_CNT"/>
  </testsuite>
</testsuites>